  lane_detection.cpp
C:\Users\Hermes\source\repos\lane-detection\lane-detection\lane_detection.cpp(147,18): warning C4244: '=': 'int'에서 '_Tp'(으)로 변환하면서 데이터가 손실될 수 있습니다.
          with
          [
              _Tp=float
          ]
C:\Users\Hermes\source\repos\lane-detection\lane-detection\lane_detection.cpp(148,18): warning C4244: '=': 'int'에서 '_Tp'(으)로 변환하면서 데이터가 손실될 수 있습니다.
          with
          [
              _Tp=float
          ]
C:\Users\Hermes\source\repos\lane-detection\lane-detection\lane_detection.cpp(149,18): warning C4244: '=': 'int'에서 '_Tp'(으)로 변환하면서 데이터가 손실될 수 있습니다.
          with
          [
              _Tp=float
          ]
C:\Users\Hermes\source\repos\lane-detection\lane-detection\lane_detection.cpp(150,18): warning C4244: '=': 'int'에서 '_Tp'(으)로 변환하면서 데이터가 손실될 수 있습니다.
          with
          [
              _Tp=float
          ]
C:\Users\Hermes\source\repos\lane-detection\lane-detection\lane_detection.cpp(157,18): warning C4244: '=': 'int'에서 '_Tp'(으)로 변환하면서 데이터가 손실될 수 있습니다.
          with
          [
              _Tp=float
          ]
C:\Users\Hermes\source\repos\lane-detection\lane-detection\lane_detection.cpp(158,18): warning C4244: '=': 'int'에서 '_Tp'(으)로 변환하면서 데이터가 손실될 수 있습니다.
          with
          [
              _Tp=float
          ]
C:\Users\Hermes\source\repos\lane-detection\lane-detection\lane_detection.cpp(159,18): warning C4244: '=': 'int'에서 '_Tp'(으)로 변환하면서 데이터가 손실될 수 있습니다.
          with
          [
              _Tp=float
          ]
C:\Users\Hermes\source\repos\lane-detection\lane-detection\lane_detection.cpp(160,18): warning C4244: '=': 'int'에서 '_Tp'(으)로 변환하면서 데이터가 손실될 수 있습니다.
          with
          [
              _Tp=float
          ]
C:\Users\Hermes\source\repos\lane-detection\lane-detection\lane_detection.cpp(218,13): warning C4244: '=': 'int'에서 '_Tp'(으)로 변환하면서 데이터가 손실될 수 있습니다.
          with
          [
              _Tp=float
          ]
C:\Users\Hermes\source\repos\lane-detection\lane-detection\lane_detection.cpp(219,13): warning C4244: '=': 'int'에서 '_Tp'(으)로 변환하면서 데이터가 손실될 수 있습니다.
          with
          [
              _Tp=float
          ]
C:\Users\Hermes\source\repos\lane-detection\lane-detection\lane_detection.cpp(203,15): warning C4101: 'm' :참조되지 않은 지역 변수입니다.
C:\Users\Hermes\source\repos\lane-detection\lane-detection\lane_detection.cpp(203,12): warning C4101: 'k' :참조되지 않은 지역 변수입니다.
  lane-detection.vcxproj -> C:\Users\Hermes\source\repos\lane-detection\x64\Debug\lane-detection.exe
